<?xml version="1.0" encoding="UTF-8"?>
<!-- Generated by org.testng.reporters.JUnitReportReporter -->
<testsuite hostname="noa" failures="0" tests="1" name="com.w2a.rough.FlightSearchTest" time="7.252" errors="0" timestamp="17 Jun 2020 11:23:08 GMT" skipped="0">
  <testcase classname="com.w2a.rough.FlightSearchTest" name="flightSearchTest" time="7.252"/>
</testsuite> <!-- com.w2a.rough.FlightSearchTest -->
