<?xml version="1.0" encoding="UTF-8"?>
<!-- Generated by org.testng.reporters.JUnitReportReporter -->
<testsuite hostname="noa" failures="0" tests="1" name="com.w2a.rough.FlightSearchTest" time="6.428" errors="0" timestamp="17 Jun 2020 11:40:51 GMT" skipped="0">
  <testcase classname="com.w2a.rough.FlightSearchTest" name="flightSearchTest" time="6.428"/>
</testsuite> <!-- com.w2a.rough.FlightSearchTest -->
